mode: atomic
phoenixgrc/backend/internal/database/database.go:20.34,24.18 4 0
phoenixgrc/backend/internal/database/database.go:24.18,26.3 1 0
phoenixgrc/backend/internal/database/database.go:28.2,28.50 1 0
phoenixgrc/backend/internal/database/database.go:28.50,30.3 1 0
phoenixgrc/backend/internal/database/database.go:32.2,36.16 2 0
phoenixgrc/backend/internal/database/database.go:36.16,39.3 1 0
phoenixgrc/backend/internal/database/database.go:41.2,42.12 2 0
phoenixgrc/backend/internal/database/database.go:46.70,47.25 1 0
phoenixgrc/backend/internal/database/database.go:47.25,49.3 1 0
phoenixgrc/backend/internal/database/database.go:50.2,51.16 2 0
phoenixgrc/backend/internal/database/database.go:51.16,53.3 1 0
phoenixgrc/backend/internal/database/database.go:55.2,59.16 4 0
phoenixgrc/backend/internal/database/database.go:59.16,61.3 1 0
phoenixgrc/backend/internal/database/database.go:63.2,64.16 2 0
phoenixgrc/backend/internal/database/database.go:64.16,71.17 4 0
phoenixgrc/backend/internal/database/database.go:71.17,73.4 1 0
phoenixgrc/backend/internal/database/database.go:76.2,78.50 3 0
phoenixgrc/backend/internal/database/database.go:78.50,80.3 1 0
phoenixgrc/backend/internal/database/database.go:82.2,83.23 2 0
phoenixgrc/backend/internal/database/database.go:83.23,85.3 1 0
phoenixgrc/backend/internal/database/database.go:85.8,87.3 1 0
phoenixgrc/backend/internal/database/database.go:89.2,89.34 1 0
phoenixgrc/backend/internal/database/database.go:89.34,92.3 2 0
phoenixgrc/backend/internal/database/database.go:94.2,95.12 2 0
phoenixgrc/backend/internal/database/database.go:99.36,100.15 1 0
phoenixgrc/backend/internal/database/database.go:100.15,102.3 1 0
phoenixgrc/backend/internal/database/database.go:103.2,106.16 3 0
phoenixgrc/backend/internal/database/database.go:106.16,110.3 1 0
phoenixgrc/backend/internal/database/database.go:113.2,114.12 2 0
phoenixgrc/backend/internal/database/database.go:118.23,120.2 1 0
phoenixgrc/backend/internal/models/models.go:93.64,94.24 1 0
phoenixgrc/backend/internal/models/models.go:94.24,96.3 1 0
phoenixgrc/backend/internal/models/models.go:97.2,97.8 1 0
phoenixgrc/backend/internal/models/models.go:121.57,122.25 1 0
phoenixgrc/backend/internal/models/models.go:122.25,124.3 1 0
phoenixgrc/backend/internal/models/models.go:125.2,125.8 1 0
phoenixgrc/backend/internal/models/models.go:146.57,147.25 1 0
phoenixgrc/backend/internal/models/models.go:147.25,149.3 1 0
phoenixgrc/backend/internal/models/models.go:150.2,150.8 1 0
phoenixgrc/backend/internal/models/models.go:166.66,167.25 1 0
phoenixgrc/backend/internal/models/models.go:167.25,169.3 1 0
phoenixgrc/backend/internal/models/models.go:170.2,170.8 1 0
phoenixgrc/backend/internal/models/models.go:196.67,197.23 1 0
phoenixgrc/backend/internal/models/models.go:197.23,199.3 1 0
phoenixgrc/backend/internal/models/models.go:200.2,200.8 1 0
phoenixgrc/backend/internal/models/models.go:211.65,212.23 1 0
phoenixgrc/backend/internal/models/models.go:212.23,214.3 1 0
phoenixgrc/backend/internal/models/models.go:215.2,215.8 1 0
phoenixgrc/backend/internal/models/models.go:231.63,232.23 1 0
phoenixgrc/backend/internal/models/models.go:232.23,234.3 1 0
phoenixgrc/backend/internal/models/models.go:235.2,235.8 1 0
phoenixgrc/backend/internal/models/models.go:261.66,262.23 1 0
phoenixgrc/backend/internal/models/models.go:262.23,264.3 1 0
phoenixgrc/backend/internal/models/models.go:265.2,265.8 1 0
phoenixgrc/backend/internal/models/models.go:280.60,281.22 1 0
phoenixgrc/backend/internal/models/models.go:281.22,283.3 1 0
phoenixgrc/backend/internal/models/models.go:284.2,284.8 1 0
phoenixgrc/backend/internal/models/models.go:299.62,300.22 1 0
phoenixgrc/backend/internal/models/models.go:300.22,302.3 1 0
phoenixgrc/backend/internal/models/models.go:303.2,303.8 1 0
phoenixgrc/backend/internal/models/models.go:316.72,317.22 1 0
phoenixgrc/backend/internal/models/models.go:317.22,319.3 1 0
phoenixgrc/backend/internal/models/models.go:320.2,320.8 1 0
phoenixgrc/backend/internal/models/models.go:361.68,362.24 1 0
phoenixgrc/backend/internal/models/models.go:362.24,364.3 1 0
phoenixgrc/backend/internal/models/models.go:365.2,365.8 1 0
phoenixgrc/backend/internal/models/models.go:395.71,396.23 1 0
phoenixgrc/backend/internal/models/models.go:396.23,398.3 1 0
phoenixgrc/backend/internal/models/models.go:401.2,401.8 1 0
phoenixgrc/backend/internal/models/models.go:406.39,425.2 2 0
phoenixgrc/backend/internal/models/system_setting.go:23.61,24.36 1 0
phoenixgrc/backend/internal/models/system_setting.go:24.36,26.17 2 0
phoenixgrc/backend/internal/models/system_setting.go:26.17,28.4 1 0
phoenixgrc/backend/internal/models/system_setting.go:29.3,29.27 1 0
phoenixgrc/backend/internal/models/system_setting.go:31.2,31.12 1 0
phoenixgrc/backend/internal/models/system_setting.go:35.61,36.37 1 0
phoenixgrc/backend/internal/models/system_setting.go:36.37,38.3 1 0
phoenixgrc/backend/internal/models/system_setting.go:39.2,39.31 1 0
phoenixgrc/backend/internal/models/system_setting.go:43.64,45.71 2 0
phoenixgrc/backend/internal/models/system_setting.go:45.71,47.3 1 0
phoenixgrc/backend/internal/models/system_setting.go:48.2,48.36 1 0
phoenixgrc/backend/internal/middleware/ginzap.go:13.78,14.30 1 0
phoenixgrc/backend/internal/middleware/ginzap.go:14.30,22.10 5 0
phoenixgrc/backend/internal/middleware/ginzap.go:22.10,24.4 1 0
phoenixgrc/backend/internal/middleware/ginzap.go:26.3,36.23 2 0
phoenixgrc/backend/internal/middleware/ginzap.go:36.23,38.4 1 0
phoenixgrc/backend/internal/middleware/ginzap.go:41.3,41.24 1 0
phoenixgrc/backend/internal/middleware/ginzap.go:41.24,45.40 1 0
phoenixgrc/backend/internal/middleware/ginzap.go:45.40,47.5 1 0
phoenixgrc/backend/internal/middleware/ginzap.go:48.9,49.32 1 0
phoenixgrc/backend/internal/middleware/ginzap.go:49.32,51.5 1 0
phoenixgrc/backend/internal/middleware/ginzap.go:51.10,51.39 1 0
phoenixgrc/backend/internal/middleware/ginzap.go:51.39,53.5 1 0
phoenixgrc/backend/internal/middleware/ginzap.go:53.10,55.5 1 0
phoenixgrc/backend/internal/middleware/ginzap.go:62.98,63.30 1 0
phoenixgrc/backend/internal/middleware/ginzap.go:63.30,64.16 1 0
phoenixgrc/backend/internal/middleware/ginzap.go:64.16,65.36 1 0
phoenixgrc/backend/internal/middleware/ginzap.go:65.36,98.17 2 0
phoenixgrc/backend/internal/middleware/ginzap.go:98.17,100.6 1 0
phoenixgrc/backend/internal/middleware/ginzap.go:103.3,103.11 1 0
phoenixgrc/backend/internal/middleware/metrics.go:13.32,14.30 1 0
phoenixgrc/backend/internal/middleware/metrics.go:14.30,27.17 6 0
phoenixgrc/backend/internal/middleware/metrics.go:27.17,29.4 1 0
phoenixgrc/backend/internal/middleware/metrics.go:31.3,34.43 2 0
phoenixgrc/backend/internal/middleware/metrics.go:34.43,36.4 1 0
phoenixgrc/backend/internal/middleware/metrics.go:39.3,39.44 1 0
phoenixgrc/backend/internal/middleware/metrics.go:39.44,41.4 1 0
phoenixgrc/backend/internal/utils/crypto.go:15.13,17.18 2 0
phoenixgrc/backend/internal/utils/crypto.go:17.18,25.3 2 0
phoenixgrc/backend/internal/utils/crypto.go:26.2,28.16 3 0
phoenixgrc/backend/internal/utils/crypto.go:28.16,29.142 1 0
phoenixgrc/backend/internal/utils/crypto.go:31.2,31.30 1 0
phoenixgrc/backend/internal/utils/crypto.go:31.30,32.91 1 0
phoenixgrc/backend/internal/utils/crypto.go:37.48,39.16 2 0
phoenixgrc/backend/internal/utils/crypto.go:39.16,41.3 1 0
phoenixgrc/backend/internal/utils/crypto.go:43.2,44.16 2 0
phoenixgrc/backend/internal/utils/crypto.go:44.16,46.3 1 0
phoenixgrc/backend/internal/utils/crypto.go:48.2,49.58 2 0
phoenixgrc/backend/internal/utils/crypto.go:49.58,51.3 1 0
phoenixgrc/backend/internal/utils/crypto.go:53.2,54.44 2 0
phoenixgrc/backend/internal/utils/crypto.go:58.52,60.16 2 0
phoenixgrc/backend/internal/utils/crypto.go:60.16,62.3 1 0
phoenixgrc/backend/internal/utils/crypto.go:64.2,65.16 2 0
phoenixgrc/backend/internal/utils/crypto.go:65.16,67.3 1 0
phoenixgrc/backend/internal/utils/crypto.go:69.2,70.16 2 0
phoenixgrc/backend/internal/utils/crypto.go:70.16,72.3 1 0
phoenixgrc/backend/internal/utils/crypto.go:74.2,75.33 2 0
phoenixgrc/backend/internal/utils/crypto.go:75.33,77.3 1 0
phoenixgrc/backend/internal/utils/crypto.go:79.2,81.16 3 0
phoenixgrc/backend/internal/utils/crypto.go:81.16,83.3 1 0
phoenixgrc/backend/internal/utils/crypto.go:85.2,85.31 1 0
phoenixgrc/backend/internal/riskutils/risk_calculator.go:6.94,11.47 3 0
phoenixgrc/backend/internal/riskutils/risk_calculator.go:11.47,13.3 1 0
phoenixgrc/backend/internal/riskutils/risk_calculator.go:20.2,20.27 1 0
phoenixgrc/backend/internal/riskutils/risk_calculator.go:20.27,21.23 1 0
phoenixgrc/backend/internal/riskutils/risk_calculator.go:21.23,23.4 1 0
phoenixgrc/backend/internal/riskutils/risk_calculator.go:24.3,24.23 1 0
phoenixgrc/backend/internal/riskutils/risk_calculator.go:24.23,26.4 1 0
phoenixgrc/backend/internal/riskutils/risk_calculator.go:27.3,27.23 1 0
phoenixgrc/backend/internal/riskutils/risk_calculator.go:27.23,29.4 1 0
phoenixgrc/backend/internal/riskutils/risk_calculator.go:33.2,33.27 1 0
phoenixgrc/backend/internal/riskutils/risk_calculator.go:33.27,34.23 1 0
phoenixgrc/backend/internal/riskutils/risk_calculator.go:34.23,36.4 1 0
phoenixgrc/backend/internal/riskutils/risk_calculator.go:37.3,37.23 1 0
phoenixgrc/backend/internal/riskutils/risk_calculator.go:37.23,39.4 1 0
phoenixgrc/backend/internal/riskutils/risk_calculator.go:40.3,40.23 1 0
phoenixgrc/backend/internal/riskutils/risk_calculator.go:40.23,42.4 1 0
phoenixgrc/backend/internal/riskutils/risk_calculator.go:46.2,46.27 1 0
phoenixgrc/backend/internal/riskutils/risk_calculator.go:46.27,47.23 1 0
phoenixgrc/backend/internal/riskutils/risk_calculator.go:47.23,49.4 1 0
phoenixgrc/backend/internal/riskutils/risk_calculator.go:50.3,50.23 1 0
phoenixgrc/backend/internal/riskutils/risk_calculator.go:50.23,52.4 1 0
phoenixgrc/backend/internal/riskutils/risk_calculator.go:53.3,53.23 1 0
phoenixgrc/backend/internal/riskutils/risk_calculator.go:53.23,55.4 1 0
phoenixgrc/backend/internal/riskutils/risk_calculator.go:59.2,59.27 1 0
phoenixgrc/backend/internal/riskutils/risk_calculator.go:59.27,60.23 1 0
phoenixgrc/backend/internal/riskutils/risk_calculator.go:60.23,62.4 1 0
phoenixgrc/backend/internal/riskutils/risk_calculator.go:63.3,63.23 1 0
phoenixgrc/backend/internal/riskutils/risk_calculator.go:63.23,65.4 1 0
phoenixgrc/backend/internal/riskutils/risk_calculator.go:66.3,66.22 1 0
phoenixgrc/backend/internal/riskutils/risk_calculator.go:66.22,68.4 1 0
phoenixgrc/backend/internal/riskutils/risk_calculator.go:71.2,71.34 1 0
phoenixgrc/backend/internal/riskutils/risk_calculator.go:74.53,75.16 1 0
phoenixgrc/backend/internal/riskutils/risk_calculator.go:76.24,77.11 1 0
phoenixgrc/backend/internal/riskutils/risk_calculator.go:78.27,79.11 1 0
phoenixgrc/backend/internal/riskutils/risk_calculator.go:80.25,81.11 1 0
phoenixgrc/backend/internal/riskutils/risk_calculator.go:82.29,83.11 1 0
phoenixgrc/backend/internal/riskutils/risk_calculator.go:84.10,85.11 1 0
phoenixgrc/backend/internal/riskutils/risk_calculator.go:89.68,90.21 1 0
phoenixgrc/backend/internal/riskutils/risk_calculator.go:91.29,92.11 1 0
phoenixgrc/backend/internal/riskutils/risk_calculator.go:93.32,94.11 1 0
phoenixgrc/backend/internal/riskutils/risk_calculator.go:95.30,96.11 1 0
phoenixgrc/backend/internal/riskutils/risk_calculator.go:97.34,98.11 1 0
phoenixgrc/backend/internal/riskutils/risk_calculator.go:99.10,100.11 1 0
phoenixgrc/backend/internal/seeders/audit_seeder.go:28.42,88.2 1 0
phoenixgrc/backend/internal/seeders/audit_seeder.go:91.56,94.36 2 0
phoenixgrc/backend/internal/seeders/audit_seeder.go:94.36,99.50 3 0
phoenixgrc/backend/internal/seeders/audit_seeder.go:99.50,101.4 1 0
phoenixgrc/backend/internal/seeders/audit_seeder.go:103.3,105.36 2 0
phoenixgrc/backend/internal/seeders/audit_seeder.go:105.36,107.66 2 0
phoenixgrc/backend/internal/seeders/audit_seeder.go:107.66,109.5 1 0
phoenixgrc/backend/internal/seeders/audit_seeder.go:110.9,113.4 2 0
phoenixgrc/backend/internal/seeders/audit_seeder.go:116.3,116.34 1 0
phoenixgrc/backend/internal/seeders/audit_seeder.go:116.34,121.59 3 0
phoenixgrc/backend/internal/seeders/audit_seeder.go:121.59,123.5 1 0
phoenixgrc/backend/internal/seeders/audit_seeder.go:125.4,125.41 1 0
phoenixgrc/backend/internal/seeders/audit_seeder.go:125.41,133.65 3 0
phoenixgrc/backend/internal/seeders/audit_seeder.go:133.65,135.6 1 0
phoenixgrc/backend/internal/seeders/audit_seeder.go:136.10,138.5 1 0
phoenixgrc/backend/internal/seeders/audit_seeder.go:141.2,142.12 2 0
phoenixgrc/backend/internal/seeders/c2m2_seeder.go:10.38,24.33 4 0
phoenixgrc/backend/internal/seeders/c2m2_seeder.go:24.33,27.26 2 0
phoenixgrc/backend/internal/seeders/c2m2_seeder.go:27.26,29.12 2 0
phoenixgrc/backend/internal/seeders/c2m2_seeder.go:31.3,31.34 1 0
phoenixgrc/backend/internal/seeders/c2m2_seeder.go:33.2,54.37 3 0
phoenixgrc/backend/internal/seeders/c2m2_seeder.go:54.37,57.26 2 0
phoenixgrc/backend/internal/seeders/c2m2_seeder.go:57.26,59.4 1 0
phoenixgrc/backend/internal/seeders/c2m2_seeder.go:61.2,62.12 2 0
phoenixgrc/backend/internal/seeders/seeder.go:12.39,35.16 4 0
phoenixgrc/backend/internal/seeders/seeder.go:35.16,38.3 2 0
phoenixgrc/backend/internal/seeders/seeder.go:40.2,41.12 2 0
phoenixgrc/backend/internal/seeders/seeder.go:45.41,50.59 3 0
phoenixgrc/backend/internal/seeders/seeder.go:50.59,53.3 2 0
phoenixgrc/backend/internal/seeders/seeder.go:55.2,55.41 1 0
phoenixgrc/backend/internal/seeders/seeder.go:55.41,58.3 2 0
phoenixgrc/backend/internal/seeders/seeder.go:60.2,60.47 1 0
phoenixgrc/backend/internal/seeders/seeder.go:60.47,63.3 2 0
phoenixgrc/backend/internal/seeders/seeder.go:65.2,66.12 2 0
phoenixgrc/backend/internal/seeders/seeder.go:70.44,82.35 2 0
phoenixgrc/backend/internal/seeders/seeder.go:82.35,85.100 2 0
phoenixgrc/backend/internal/seeders/seeder.go:85.100,87.52 1 0
phoenixgrc/backend/internal/seeders/seeder.go:87.52,89.5 1 0
phoenixgrc/backend/internal/seeders/seeder.go:92.2,92.12 1 0
phoenixgrc/backend/internal/seeders/seeder.go:97.35,98.42 1 0
phoenixgrc/backend/internal/seeders/seeder.go:98.42,100.3 1 0
phoenixgrc/backend/internal/seeders/seeder.go:101.2,101.44 1 0
phoenixgrc/backend/internal/seeders/seeder.go:101.44,103.3 1 0
phoenixgrc/backend/internal/seeders/seeder.go:104.2,104.12 1 0
phoenixgrc/backend/pkg/config/config.go:46.19,48.40 1 0
phoenixgrc/backend/pkg/config/config.go:48.40,52.3 1 0
phoenixgrc/backend/pkg/config/config.go:54.2,58.16 5 0
phoenixgrc/backend/pkg/config/config.go:58.16,61.3 2 0
phoenixgrc/backend/pkg/config/config.go:62.2,74.105 10 0
phoenixgrc/backend/pkg/config/config.go:74.105,77.3 2 0
phoenixgrc/backend/pkg/config/config.go:78.2,96.33 14 0
phoenixgrc/backend/pkg/config/config.go:96.33,97.42 1 0
phoenixgrc/backend/pkg/config/config.go:97.42,99.23 2 0
phoenixgrc/backend/pkg/config/config.go:99.23,102.19 3 0
phoenixgrc/backend/pkg/config/config.go:102.19,105.6 2 0
phoenixgrc/backend/pkg/config/config.go:105.11,107.6 1 0
phoenixgrc/backend/pkg/config/config.go:112.2,112.77 1 0
phoenixgrc/backend/pkg/config/config.go:116.46,117.48 1 0
phoenixgrc/backend/pkg/config/config.go:117.48,119.3 1 0
phoenixgrc/backend/pkg/config/config.go:120.2,121.21 2 0
phoenixgrc/backend/pkg/config/config.go:125.55,127.18 2 0
phoenixgrc/backend/pkg/config/config.go:127.18,129.3 1 0
phoenixgrc/backend/pkg/config/config.go:130.2,131.16 2 0
phoenixgrc/backend/pkg/config/config.go:131.16,134.3 2 0
phoenixgrc/backend/pkg/config/config.go:135.2,135.16 1 0
phoenixgrc/backend/pkg/config/config.go:138.13,140.2 1 0
phoenixgrc/backend/pkg/features/features.go:11.41,12.38 1 0
phoenixgrc/backend/pkg/features/features.go:12.38,14.3 1 0
phoenixgrc/backend/pkg/features/features.go:27.2,28.13 2 0
phoenixgrc/backend/pkg/features/features.go:28.13,30.3 1 0
phoenixgrc/backend/pkg/features/features.go:31.2,31.16 1 0
phoenixgrc/backend/pkg/features/features.go:37.76,38.38 1 0
phoenixgrc/backend/pkg/features/features.go:38.38,40.3 1 0
phoenixgrc/backend/pkg/features/features.go:42.2,43.24 2 0
phoenixgrc/backend/pkg/log/logger.go:22.40,24.43 2 0
phoenixgrc/backend/pkg/log/logger.go:24.43,29.3 1 0
phoenixgrc/backend/pkg/log/logger.go:29.8,31.3 1 0
phoenixgrc/backend/pkg/log/logger.go:34.2,35.16 2 0
phoenixgrc/backend/pkg/log/logger.go:35.16,41.3 2 0
phoenixgrc/backend/pkg/log/logger.go:42.2,46.16 3 0
phoenixgrc/backend/pkg/log/logger.go:46.16,50.65 1 0
phoenixgrc/backend/pkg/log/logger.go:53.2,59.23 3 0
phoenixgrc/backend/pkg/log/logger.go:66.13,69.20 2 0
phoenixgrc/backend/pkg/log/logger.go:69.20,71.3 1 0
phoenixgrc/backend/pkg/log/logger.go:74.2,75.51 2 0
phoenixgrc/backend/pkg/log/logger.go:75.51,77.3 1 0
phoenixgrc/backend/pkg/log/logger.go:84.2,85.143 2 0
phoenixgrc/backend/pkg/logger/logger.go:14.13,21.25 4 0
phoenixgrc/backend/pkg/logger/logger.go:21.25,30.3 4 0
phoenixgrc/backend/pkg/logger/logger.go:30.8,35.3 4 0
phoenixgrc/backend/pkg/logger/logger.go:40.2,41.16 2 0
phoenixgrc/backend/pkg/logger/logger.go:41.16,61.13 5 0
phoenixgrc/backend/pkg/logger/logger.go:64.2,64.67 1 0
phoenixgrc/backend/pkg/logger/logger.go:71.48,73.2 1 0
phoenixgrc/backend/pkg/logger/logger.go:75.49,77.2 1 0
phoenixgrc/backend/pkg/logger/logger.go:79.48,81.2 1 0
phoenixgrc/backend/pkg/logger/logger.go:83.49,85.2 1 0
phoenixgrc/backend/pkg/logger/logger.go:87.49,90.2 1 0
phoenixgrc/backend/pkg/logger/logger.go:94.13,95.16 1 0
phoenixgrc/backend/pkg/logger/logger.go:95.16,97.3 1 0
phoenixgrc/backend/pkg/metrics/metrics.go:34.13,46.33 1 0
phoenixgrc/backend/pkg/metrics/metrics.go:46.33,48.3 1 0
phoenixgrc/backend/pkg/metrics/metrics.go:48.8,52.23 2 0
phoenixgrc/backend/pkg/metrics/metrics.go:52.23,54.4 1 0
phoenixgrc/backend/pkg/metrics/metrics.go:58.2,107.3 7 0
phoenixgrc/backend/internal/auth/jwt.go:28.28,30.18 2 3
phoenixgrc/backend/internal/auth/jwt.go:30.18,32.3 1 0
phoenixgrc/backend/internal/auth/jwt.go:33.2,34.12 2 3
phoenixgrc/backend/internal/auth/jwt.go:38.81,39.22 1 5
phoenixgrc/backend/internal/auth/jwt.go:39.22,41.3 1 0
phoenixgrc/backend/internal/auth/jwt.go:43.2,46.87 3 5
phoenixgrc/backend/internal/auth/jwt.go:46.87,48.3 1 5
phoenixgrc/backend/internal/auth/jwt.go:51.2,65.16 4 5
phoenixgrc/backend/internal/auth/jwt.go:65.16,67.3 1 0
phoenixgrc/backend/internal/auth/jwt.go:69.2,69.25 1 5
phoenixgrc/backend/internal/auth/jwt.go:74.57,75.22 1 6
phoenixgrc/backend/internal/auth/jwt.go:75.22,77.3 1 0
phoenixgrc/backend/internal/auth/jwt.go:79.2,80.101 2 6
phoenixgrc/backend/internal/auth/jwt.go:80.101,81.58 1 5
phoenixgrc/backend/internal/auth/jwt.go:81.58,83.4 1 0
phoenixgrc/backend/internal/auth/jwt.go:84.3,84.21 1 5
phoenixgrc/backend/internal/auth/jwt.go:87.2,87.16 1 6
phoenixgrc/backend/internal/auth/jwt.go:87.16,89.3 1 3
phoenixgrc/backend/internal/auth/jwt.go:91.2,91.18 1 3
phoenixgrc/backend/internal/auth/jwt.go:91.18,93.3 1 0
phoenixgrc/backend/internal/auth/jwt.go:95.2,95.20 1 3
phoenixgrc/backend/internal/auth/jwt.go:101.39,102.30 1 1
phoenixgrc/backend/internal/auth/jwt.go:102.30,104.23 2 4
phoenixgrc/backend/internal/auth/jwt.go:104.23,107.4 2 1
phoenixgrc/backend/internal/auth/jwt.go:109.3,110.63 2 3
phoenixgrc/backend/internal/auth/jwt.go:110.63,113.4 2 1
phoenixgrc/backend/internal/auth/jwt.go:114.3,117.17 3 2
phoenixgrc/backend/internal/auth/jwt.go:117.17,120.4 2 1
phoenixgrc/backend/internal/auth/jwt.go:123.3,129.11 6 1
