mode: atomic
phoenixgrc/backend/internal/database/database.go:20.34,24.18 4 0
phoenixgrc/backend/internal/database/database.go:24.18,26.3 1 0
phoenixgrc/backend/internal/database/database.go:28.2,28.50 1 0
phoenixgrc/backend/internal/database/database.go:28.50,30.3 1 0
phoenixgrc/backend/internal/database/database.go:32.2,36.16 2 0
phoenixgrc/backend/internal/database/database.go:36.16,39.3 1 0
phoenixgrc/backend/internal/database/database.go:41.2,42.12 2 0
phoenixgrc/backend/internal/database/database.go:46.70,47.25 1 0
phoenixgrc/backend/internal/database/database.go:47.25,49.3 1 0
phoenixgrc/backend/internal/database/database.go:50.2,51.16 2 0
phoenixgrc/backend/internal/database/database.go:51.16,53.3 1 0
phoenixgrc/backend/internal/database/database.go:55.2,59.16 4 0
phoenixgrc/backend/internal/database/database.go:59.16,61.3 1 0
phoenixgrc/backend/internal/database/database.go:63.2,64.16 2 0
phoenixgrc/backend/internal/database/database.go:64.16,71.17 4 0
phoenixgrc/backend/internal/database/database.go:71.17,73.4 1 0
phoenixgrc/backend/internal/database/database.go:76.2,78.50 3 0
phoenixgrc/backend/internal/database/database.go:78.50,80.3 1 0
phoenixgrc/backend/internal/database/database.go:82.2,83.23 2 0
phoenixgrc/backend/internal/database/database.go:83.23,85.3 1 0
phoenixgrc/backend/internal/database/database.go:85.8,87.3 1 0
phoenixgrc/backend/internal/database/database.go:89.2,89.34 1 0
phoenixgrc/backend/internal/database/database.go:89.34,92.3 2 0
phoenixgrc/backend/internal/database/database.go:94.2,95.12 2 0
phoenixgrc/backend/internal/database/database.go:99.36,100.15 1 0
phoenixgrc/backend/internal/database/database.go:100.15,102.3 1 0
phoenixgrc/backend/internal/database/database.go:103.2,106.16 3 0
phoenixgrc/backend/internal/database/database.go:106.16,110.3 1 0
phoenixgrc/backend/internal/database/database.go:113.2,114.12 2 0
phoenixgrc/backend/internal/database/database.go:118.23,120.2 1 0
phoenixgrc/backend/internal/filestorage/filestorage.go:23.30,28.22 4 0
phoenixgrc/backend/internal/filestorage/filestorage.go:29.12,31.17 2 0
phoenixgrc/backend/internal/filestorage/filestorage.go:31.17,34.4 1 0
phoenixgrc/backend/internal/filestorage/filestorage.go:35.3,35.54 1 0
phoenixgrc/backend/internal/filestorage/filestorage.go:35.54,37.4 1 0
phoenixgrc/backend/internal/filestorage/filestorage.go:38.13,40.17 2 0
phoenixgrc/backend/internal/filestorage/filestorage.go:40.17,42.4 1 0
phoenixgrc/backend/internal/filestorage/filestorage.go:43.3,43.54 1 0
phoenixgrc/backend/internal/filestorage/filestorage.go:43.54,45.4 1 0
phoenixgrc/backend/internal/filestorage/filestorage.go:46.10,47.128 1 0
phoenixgrc/backend/internal/filestorage/filestorage.go:51.2,51.39 1 0
phoenixgrc/backend/internal/filestorage/filestorage.go:51.39,53.3 1 0
phoenixgrc/backend/internal/filestorage/filestorage.go:53.8,55.3 1 0
phoenixgrc/backend/internal/filestorage/filestorage.go:56.2,56.12 1 0
phoenixgrc/backend/internal/filestorage/gcs_provider.go:28.59,37.21 4 0
phoenixgrc/backend/internal/filestorage/gcs_provider.go:37.21,40.3 2 0
phoenixgrc/backend/internal/filestorage/gcs_provider.go:41.2,41.22 1 0
phoenixgrc/backend/internal/filestorage/gcs_provider.go:41.22,44.3 2 0
phoenixgrc/backend/internal/filestorage/gcs_provider.go:46.2,51.16 3 0
phoenixgrc/backend/internal/filestorage/gcs_provider.go:51.16,54.3 2 0
phoenixgrc/backend/internal/filestorage/gcs_provider.go:56.2,66.22 3 0
phoenixgrc/backend/internal/filestorage/gcs_provider.go:71.143,72.43 1 0
phoenixgrc/backend/internal/filestorage/gcs_provider.go:72.43,74.3 1 0
phoenixgrc/backend/internal/filestorage/gcs_provider.go:76.2,83.52 4 0
phoenixgrc/backend/internal/filestorage/gcs_provider.go:83.52,85.3 1 0
phoenixgrc/backend/internal/filestorage/gcs_provider.go:86.2,86.35 1 0
phoenixgrc/backend/internal/filestorage/gcs_provider.go:86.35,88.3 1 0
phoenixgrc/backend/internal/filestorage/gcs_provider.go:90.2,93.24 2 0
phoenixgrc/backend/internal/filestorage/gcs_provider.go:97.87,98.43 1 0
phoenixgrc/backend/internal/filestorage/gcs_provider.go:98.43,100.3 1 0
phoenixgrc/backend/internal/filestorage/gcs_provider.go:101.2,101.22 1 0
phoenixgrc/backend/internal/filestorage/gcs_provider.go:101.22,103.3 1 0
phoenixgrc/backend/internal/filestorage/gcs_provider.go:105.2,106.40 2 0
phoenixgrc/backend/internal/filestorage/gcs_provider.go:106.40,107.39 1 0
phoenixgrc/backend/internal/filestorage/gcs_provider.go:107.39,112.4 2 0
phoenixgrc/backend/internal/filestorage/gcs_provider.go:113.3,117.108 2 0
phoenixgrc/backend/internal/filestorage/gcs_provider.go:120.2,123.12 2 0
phoenixgrc/backend/internal/filestorage/gcs_provider.go:127.120,128.43 1 0
phoenixgrc/backend/internal/filestorage/gcs_provider.go:128.43,130.3 1 0
phoenixgrc/backend/internal/filestorage/gcs_provider.go:131.2,131.22 1 0
phoenixgrc/backend/internal/filestorage/gcs_provider.go:131.22,133.3 1 0
phoenixgrc/backend/internal/filestorage/gcs_provider.go:135.2,145.16 3 0
phoenixgrc/backend/internal/filestorage/gcs_provider.go:145.16,147.3 1 0
phoenixgrc/backend/internal/filestorage/gcs_provider.go:149.2,149.23 1 0
phoenixgrc/backend/internal/filestorage/s3_provider.go:30.57,34.18 3 0
phoenixgrc/backend/internal/filestorage/s3_provider.go:34.18,37.3 2 0
phoenixgrc/backend/internal/filestorage/s3_provider.go:38.2,38.18 1 0
phoenixgrc/backend/internal/filestorage/s3_provider.go:38.18,41.3 2 0
phoenixgrc/backend/internal/filestorage/s3_provider.go:44.2,45.16 2 0
phoenixgrc/backend/internal/filestorage/s3_provider.go:45.16,48.3 2 0
phoenixgrc/backend/internal/filestorage/s3_provider.go:49.2,61.8 5 0
phoenixgrc/backend/internal/filestorage/s3_provider.go:66.142,67.64 1 0
phoenixgrc/backend/internal/filestorage/s3_provider.go:67.64,69.3 1 0
phoenixgrc/backend/internal/filestorage/s3_provider.go:78.2,85.16 2 0
phoenixgrc/backend/internal/filestorage/s3_provider.go:85.16,87.3 1 0
phoenixgrc/backend/internal/filestorage/s3_provider.go:98.2,102.24 2 0
phoenixgrc/backend/internal/filestorage/s3_provider.go:106.86,107.43 1 0
phoenixgrc/backend/internal/filestorage/s3_provider.go:107.43,109.3 1 0
phoenixgrc/backend/internal/filestorage/s3_provider.go:110.2,110.22 1 0
phoenixgrc/backend/internal/filestorage/s3_provider.go:110.22,112.3 1 0
phoenixgrc/backend/internal/filestorage/s3_provider.go:114.2,119.16 2 0
phoenixgrc/backend/internal/filestorage/s3_provider.go:119.16,123.49 1 0
phoenixgrc/backend/internal/filestorage/s3_provider.go:123.49,128.4 2 0
phoenixgrc/backend/internal/filestorage/s3_provider.go:129.3,133.107 2 0
phoenixgrc/backend/internal/filestorage/s3_provider.go:136.2,139.12 2 0
phoenixgrc/backend/internal/filestorage/s3_provider.go:143.119,144.43 1 0
phoenixgrc/backend/internal/filestorage/s3_provider.go:144.43,146.3 1 0
phoenixgrc/backend/internal/filestorage/s3_provider.go:147.2,147.22 1 0
phoenixgrc/backend/internal/filestorage/s3_provider.go:147.22,149.3 1 0
phoenixgrc/backend/internal/filestorage/s3_provider.go:151.2,160.16 3 0
phoenixgrc/backend/internal/filestorage/s3_provider.go:160.16,162.3 1 0
phoenixgrc/backend/internal/filestorage/s3_provider.go:164.2,164.30 1 0
phoenixgrc/backend/internal/models/models.go:96.64,97.24 1 0
phoenixgrc/backend/internal/models/models.go:97.24,99.3 1 0
phoenixgrc/backend/internal/models/models.go:100.2,100.8 1 0
phoenixgrc/backend/internal/models/models.go:124.57,125.25 1 0
phoenixgrc/backend/internal/models/models.go:125.25,127.3 1 0
phoenixgrc/backend/internal/models/models.go:128.2,128.8 1 0
phoenixgrc/backend/internal/models/models.go:149.57,150.25 1 0
phoenixgrc/backend/internal/models/models.go:150.25,152.3 1 0
phoenixgrc/backend/internal/models/models.go:153.2,153.8 1 0
phoenixgrc/backend/internal/models/models.go:169.66,170.25 1 0
phoenixgrc/backend/internal/models/models.go:170.25,172.3 1 0
phoenixgrc/backend/internal/models/models.go:173.2,173.8 1 0
phoenixgrc/backend/internal/models/models.go:199.67,200.23 1 0
phoenixgrc/backend/internal/models/models.go:200.23,202.3 1 0
phoenixgrc/backend/internal/models/models.go:203.2,203.8 1 0
phoenixgrc/backend/internal/models/models.go:214.65,215.23 1 0
phoenixgrc/backend/internal/models/models.go:215.23,217.3 1 0
phoenixgrc/backend/internal/models/models.go:218.2,218.8 1 0
phoenixgrc/backend/internal/models/models.go:234.63,235.23 1 0
phoenixgrc/backend/internal/models/models.go:235.23,237.3 1 0
phoenixgrc/backend/internal/models/models.go:238.2,238.8 1 0
phoenixgrc/backend/internal/models/models.go:264.66,265.23 1 0
phoenixgrc/backend/internal/models/models.go:265.23,267.3 1 0
phoenixgrc/backend/internal/models/models.go:268.2,268.8 1 0
phoenixgrc/backend/internal/models/models.go:283.60,284.22 1 0
phoenixgrc/backend/internal/models/models.go:284.22,286.3 1 0
phoenixgrc/backend/internal/models/models.go:287.2,287.8 1 0
phoenixgrc/backend/internal/models/models.go:302.62,303.22 1 0
phoenixgrc/backend/internal/models/models.go:303.22,305.3 1 0
phoenixgrc/backend/internal/models/models.go:306.2,306.8 1 0
phoenixgrc/backend/internal/models/models.go:319.72,320.22 1 0
phoenixgrc/backend/internal/models/models.go:320.22,322.3 1 0
phoenixgrc/backend/internal/models/models.go:323.2,323.8 1 0
phoenixgrc/backend/internal/models/models.go:364.68,365.24 1 0
phoenixgrc/backend/internal/models/models.go:365.24,367.3 1 0
phoenixgrc/backend/internal/models/models.go:368.2,368.8 1 0
phoenixgrc/backend/internal/models/models.go:398.71,399.23 1 0
phoenixgrc/backend/internal/models/models.go:399.23,401.3 1 0
phoenixgrc/backend/internal/models/models.go:404.2,404.8 1 0
phoenixgrc/backend/internal/models/models.go:409.39,428.2 2 0
phoenixgrc/backend/internal/models/system_setting.go:23.61,24.36 1 0
phoenixgrc/backend/internal/models/system_setting.go:24.36,26.17 2 0
phoenixgrc/backend/internal/models/system_setting.go:26.17,28.4 1 0
phoenixgrc/backend/internal/models/system_setting.go:29.3,29.27 1 0
phoenixgrc/backend/internal/models/system_setting.go:31.2,31.12 1 0
phoenixgrc/backend/internal/models/system_setting.go:35.61,36.37 1 0
phoenixgrc/backend/internal/models/system_setting.go:36.37,38.3 1 0
phoenixgrc/backend/internal/models/system_setting.go:39.2,39.31 1 0
phoenixgrc/backend/internal/models/system_setting.go:43.64,45.71 2 0
phoenixgrc/backend/internal/models/system_setting.go:45.71,47.3 1 0
phoenixgrc/backend/internal/models/system_setting.go:48.2,48.36 1 0
phoenixgrc/backend/internal/middleware/ginzap.go:13.78,14.30 1 0
phoenixgrc/backend/internal/middleware/ginzap.go:14.30,22.10 5 0
phoenixgrc/backend/internal/middleware/ginzap.go:22.10,24.4 1 0
phoenixgrc/backend/internal/middleware/ginzap.go:26.3,36.23 2 0
phoenixgrc/backend/internal/middleware/ginzap.go:36.23,38.4 1 0
phoenixgrc/backend/internal/middleware/ginzap.go:41.3,41.24 1 0
phoenixgrc/backend/internal/middleware/ginzap.go:41.24,45.40 1 0
phoenixgrc/backend/internal/middleware/ginzap.go:45.40,47.5 1 0
phoenixgrc/backend/internal/middleware/ginzap.go:48.9,49.32 1 0
phoenixgrc/backend/internal/middleware/ginzap.go:49.32,51.5 1 0
phoenixgrc/backend/internal/middleware/ginzap.go:51.10,51.39 1 0
phoenixgrc/backend/internal/middleware/ginzap.go:51.39,53.5 1 0
phoenixgrc/backend/internal/middleware/ginzap.go:53.10,55.5 1 0
phoenixgrc/backend/internal/middleware/ginzap.go:62.98,63.30 1 0
phoenixgrc/backend/internal/middleware/ginzap.go:63.30,64.16 1 0
phoenixgrc/backend/internal/middleware/ginzap.go:64.16,65.36 1 0
phoenixgrc/backend/internal/middleware/ginzap.go:65.36,98.17 2 0
phoenixgrc/backend/internal/middleware/ginzap.go:98.17,100.6 1 0
phoenixgrc/backend/internal/middleware/ginzap.go:103.3,103.11 1 0
phoenixgrc/backend/internal/middleware/metrics.go:22.13,24.22 2 0
phoenixgrc/backend/internal/middleware/metrics.go:24.22,26.3 1 0
phoenixgrc/backend/internal/middleware/metrics.go:28.2,74.3 7 0
phoenixgrc/backend/internal/middleware/metrics.go:78.32,79.30 1 0
phoenixgrc/backend/internal/middleware/metrics.go:79.30,88.39 5 0
phoenixgrc/backend/internal/middleware/metrics.go:88.39,90.4 1 0
phoenixgrc/backend/internal/middleware/metrics.go:93.3,94.17 2 0
phoenixgrc/backend/internal/middleware/metrics.go:94.17,96.4 1 0
phoenixgrc/backend/internal/middleware/metrics.go:100.3,101.93 2 0
phoenixgrc/backend/internal/riskutils/risk_calculator.go:6.94,11.47 3 0
phoenixgrc/backend/internal/riskutils/risk_calculator.go:11.47,13.3 1 0
phoenixgrc/backend/internal/riskutils/risk_calculator.go:20.2,20.27 1 0
phoenixgrc/backend/internal/riskutils/risk_calculator.go:20.27,21.23 1 0
phoenixgrc/backend/internal/riskutils/risk_calculator.go:21.23,23.4 1 0
phoenixgrc/backend/internal/riskutils/risk_calculator.go:24.3,24.23 1 0
phoenixgrc/backend/internal/riskutils/risk_calculator.go:24.23,26.4 1 0
phoenixgrc/backend/internal/riskutils/risk_calculator.go:27.3,27.23 1 0
phoenixgrc/backend/internal/riskutils/risk_calculator.go:27.23,29.4 1 0
phoenixgrc/backend/internal/riskutils/risk_calculator.go:33.2,33.27 1 0
phoenixgrc/backend/internal/riskutils/risk_calculator.go:33.27,34.23 1 0
phoenixgrc/backend/internal/riskutils/risk_calculator.go:34.23,36.4 1 0
phoenixgrc/backend/internal/riskutils/risk_calculator.go:37.3,37.23 1 0
phoenixgrc/backend/internal/riskutils/risk_calculator.go:37.23,39.4 1 0
phoenixgrc/backend/internal/riskutils/risk_calculator.go:40.3,40.23 1 0
phoenixgrc/backend/internal/riskutils/risk_calculator.go:40.23,42.4 1 0
phoenixgrc/backend/internal/riskutils/risk_calculator.go:46.2,46.27 1 0
phoenixgrc/backend/internal/riskutils/risk_calculator.go:46.27,47.23 1 0
phoenixgrc/backend/internal/riskutils/risk_calculator.go:47.23,49.4 1 0
phoenixgrc/backend/internal/riskutils/risk_calculator.go:50.3,50.23 1 0
phoenixgrc/backend/internal/riskutils/risk_calculator.go:50.23,52.4 1 0
phoenixgrc/backend/internal/riskutils/risk_calculator.go:53.3,53.23 1 0
phoenixgrc/backend/internal/riskutils/risk_calculator.go:53.23,55.4 1 0
phoenixgrc/backend/internal/riskutils/risk_calculator.go:59.2,59.27 1 0
phoenixgrc/backend/internal/riskutils/risk_calculator.go:59.27,60.23 1 0
phoenixgrc/backend/internal/riskutils/risk_calculator.go:60.23,62.4 1 0
phoenixgrc/backend/internal/riskutils/risk_calculator.go:63.3,63.23 1 0
phoenixgrc/backend/internal/riskutils/risk_calculator.go:63.23,65.4 1 0
phoenixgrc/backend/internal/riskutils/risk_calculator.go:66.3,66.22 1 0
phoenixgrc/backend/internal/riskutils/risk_calculator.go:66.22,68.4 1 0
phoenixgrc/backend/internal/riskutils/risk_calculator.go:71.2,71.34 1 0
phoenixgrc/backend/internal/riskutils/risk_calculator.go:74.53,75.16 1 0
phoenixgrc/backend/internal/riskutils/risk_calculator.go:76.24,77.11 1 0
phoenixgrc/backend/internal/riskutils/risk_calculator.go:78.27,79.11 1 0
phoenixgrc/backend/internal/riskutils/risk_calculator.go:80.25,81.11 1 0
phoenixgrc/backend/internal/riskutils/risk_calculator.go:82.29,83.11 1 0
phoenixgrc/backend/internal/riskutils/risk_calculator.go:84.10,85.11 1 0
phoenixgrc/backend/internal/riskutils/risk_calculator.go:89.68,90.21 1 0
phoenixgrc/backend/internal/riskutils/risk_calculator.go:91.29,92.11 1 0
phoenixgrc/backend/internal/riskutils/risk_calculator.go:93.32,94.11 1 0
phoenixgrc/backend/internal/riskutils/risk_calculator.go:95.30,96.11 1 0
phoenixgrc/backend/internal/riskutils/risk_calculator.go:97.34,98.11 1 0
phoenixgrc/backend/internal/riskutils/risk_calculator.go:99.10,100.11 1 0
phoenixgrc/backend/internal/seeders/audit_seeder.go:28.42,88.2 1 0
phoenixgrc/backend/internal/seeders/audit_seeder.go:91.56,94.36 2 0
phoenixgrc/backend/internal/seeders/audit_seeder.go:94.36,99.50 3 0
phoenixgrc/backend/internal/seeders/audit_seeder.go:99.50,101.4 1 0
phoenixgrc/backend/internal/seeders/audit_seeder.go:103.3,105.36 2 0
phoenixgrc/backend/internal/seeders/audit_seeder.go:105.36,107.66 2 0
phoenixgrc/backend/internal/seeders/audit_seeder.go:107.66,109.5 1 0
phoenixgrc/backend/internal/seeders/audit_seeder.go:110.9,113.4 2 0
phoenixgrc/backend/internal/seeders/audit_seeder.go:116.3,116.34 1 0
phoenixgrc/backend/internal/seeders/audit_seeder.go:116.34,121.59 3 0
phoenixgrc/backend/internal/seeders/audit_seeder.go:121.59,123.5 1 0
phoenixgrc/backend/internal/seeders/audit_seeder.go:125.4,125.41 1 0
phoenixgrc/backend/internal/seeders/audit_seeder.go:125.41,133.65 3 0
phoenixgrc/backend/internal/seeders/audit_seeder.go:133.65,135.6 1 0
phoenixgrc/backend/internal/seeders/audit_seeder.go:136.10,138.5 1 0
phoenixgrc/backend/internal/seeders/audit_seeder.go:141.2,142.12 2 0
phoenixgrc/backend/internal/seeders/c2m2_seeder.go:10.38,24.33 4 0
phoenixgrc/backend/internal/seeders/c2m2_seeder.go:24.33,27.26 2 0
phoenixgrc/backend/internal/seeders/c2m2_seeder.go:27.26,29.12 2 0
phoenixgrc/backend/internal/seeders/c2m2_seeder.go:31.3,31.34 1 0
phoenixgrc/backend/internal/seeders/c2m2_seeder.go:33.2,54.37 3 0
phoenixgrc/backend/internal/seeders/c2m2_seeder.go:54.37,57.26 2 0
phoenixgrc/backend/internal/seeders/c2m2_seeder.go:57.26,59.4 1 0
phoenixgrc/backend/internal/seeders/c2m2_seeder.go:61.2,62.12 2 0
phoenixgrc/backend/internal/seeders/seeder.go:12.39,35.16 4 0
phoenixgrc/backend/internal/seeders/seeder.go:35.16,38.3 2 0
phoenixgrc/backend/internal/seeders/seeder.go:40.2,41.12 2 0
phoenixgrc/backend/internal/seeders/seeder.go:45.41,50.59 3 0
phoenixgrc/backend/internal/seeders/seeder.go:50.59,53.3 2 0
phoenixgrc/backend/internal/seeders/seeder.go:55.2,55.41 1 0
phoenixgrc/backend/internal/seeders/seeder.go:55.41,58.3 2 0
phoenixgrc/backend/internal/seeders/seeder.go:60.2,60.47 1 0
phoenixgrc/backend/internal/seeders/seeder.go:60.47,63.3 2 0
phoenixgrc/backend/internal/seeders/seeder.go:65.2,66.12 2 0
phoenixgrc/backend/internal/seeders/seeder.go:70.44,82.35 2 0
phoenixgrc/backend/internal/seeders/seeder.go:82.35,85.100 2 0
phoenixgrc/backend/internal/seeders/seeder.go:85.100,87.52 1 0
phoenixgrc/backend/internal/seeders/seeder.go:87.52,89.5 1 0
phoenixgrc/backend/internal/seeders/seeder.go:92.2,92.12 1 0
phoenixgrc/backend/internal/seeders/seeder.go:97.35,98.42 1 0
phoenixgrc/backend/internal/seeders/seeder.go:98.42,100.3 1 0
phoenixgrc/backend/internal/seeders/seeder.go:101.2,101.44 1 0
phoenixgrc/backend/internal/seeders/seeder.go:101.44,103.3 1 0
phoenixgrc/backend/internal/seeders/seeder.go:104.2,104.12 1 0
phoenixgrc/backend/internal/utils/crypto.go:15.13,17.18 2 0
phoenixgrc/backend/internal/utils/crypto.go:17.18,25.3 2 0
phoenixgrc/backend/internal/utils/crypto.go:26.2,28.16 3 0
phoenixgrc/backend/internal/utils/crypto.go:28.16,29.142 1 0
phoenixgrc/backend/internal/utils/crypto.go:31.2,31.30 1 0
phoenixgrc/backend/internal/utils/crypto.go:31.30,32.91 1 0
phoenixgrc/backend/internal/utils/crypto.go:37.48,39.16 2 0
phoenixgrc/backend/internal/utils/crypto.go:39.16,41.3 1 0
phoenixgrc/backend/internal/utils/crypto.go:43.2,44.16 2 0
phoenixgrc/backend/internal/utils/crypto.go:44.16,46.3 1 0
phoenixgrc/backend/internal/utils/crypto.go:48.2,49.58 2 0
phoenixgrc/backend/internal/utils/crypto.go:49.58,51.3 1 0
phoenixgrc/backend/internal/utils/crypto.go:53.2,54.44 2 0
phoenixgrc/backend/internal/utils/crypto.go:58.52,60.16 2 0
phoenixgrc/backend/internal/utils/crypto.go:60.16,62.3 1 0
phoenixgrc/backend/internal/utils/crypto.go:64.2,65.16 2 0
phoenixgrc/backend/internal/utils/crypto.go:65.16,67.3 1 0
phoenixgrc/backend/internal/utils/crypto.go:69.2,70.16 2 0
phoenixgrc/backend/internal/utils/crypto.go:70.16,72.3 1 0
phoenixgrc/backend/internal/utils/crypto.go:74.2,75.33 2 0
phoenixgrc/backend/internal/utils/crypto.go:75.33,77.3 1 0
phoenixgrc/backend/internal/utils/crypto.go:79.2,81.16 3 0
phoenixgrc/backend/internal/utils/crypto.go:81.16,83.3 1 0
phoenixgrc/backend/internal/utils/crypto.go:85.2,85.31 1 0
phoenixgrc/backend/pkg/features/features.go:11.41,12.38 1 0
phoenixgrc/backend/pkg/features/features.go:12.38,14.3 1 0
phoenixgrc/backend/pkg/features/features.go:27.2,28.13 2 0
phoenixgrc/backend/pkg/features/features.go:28.13,30.3 1 0
phoenixgrc/backend/pkg/features/features.go:31.2,31.16 1 0
phoenixgrc/backend/pkg/features/features.go:37.76,38.38 1 0
phoenixgrc/backend/pkg/features/features.go:38.38,40.3 1 0
phoenixgrc/backend/pkg/features/features.go:42.2,43.24 2 0
phoenixgrc/backend/pkg/config/config.go:49.19,51.40 1 0
phoenixgrc/backend/pkg/config/config.go:51.40,55.3 1 0
phoenixgrc/backend/pkg/config/config.go:57.2,61.16 5 0
phoenixgrc/backend/pkg/config/config.go:61.16,64.3 2 0
phoenixgrc/backend/pkg/config/config.go:65.2,77.105 10 0
phoenixgrc/backend/pkg/config/config.go:77.105,80.3 2 0
phoenixgrc/backend/pkg/config/config.go:81.2,101.33 17 0
phoenixgrc/backend/pkg/config/config.go:101.33,102.42 1 0
phoenixgrc/backend/pkg/config/config.go:102.42,104.23 2 0
phoenixgrc/backend/pkg/config/config.go:104.23,107.19 3 0
phoenixgrc/backend/pkg/config/config.go:107.19,110.6 2 0
phoenixgrc/backend/pkg/config/config.go:110.11,112.6 1 0
phoenixgrc/backend/pkg/config/config.go:117.2,117.77 1 0
phoenixgrc/backend/pkg/config/config.go:121.46,122.48 1 0
phoenixgrc/backend/pkg/config/config.go:122.48,124.3 1 0
phoenixgrc/backend/pkg/config/config.go:125.2,126.21 2 0
phoenixgrc/backend/pkg/config/config.go:130.55,132.18 2 0
phoenixgrc/backend/pkg/config/config.go:132.18,134.3 1 0
phoenixgrc/backend/pkg/config/config.go:135.2,136.16 2 0
phoenixgrc/backend/pkg/config/config.go:136.16,139.3 2 0
phoenixgrc/backend/pkg/config/config.go:140.2,140.16 1 0
phoenixgrc/backend/pkg/config/config.go:143.13,145.2 1 0
phoenixgrc/backend/pkg/log/logger.go:22.40,24.43 2 0
phoenixgrc/backend/pkg/log/logger.go:24.43,29.3 1 0
phoenixgrc/backend/pkg/log/logger.go:29.8,31.3 1 0
phoenixgrc/backend/pkg/log/logger.go:34.2,35.16 2 0
phoenixgrc/backend/pkg/log/logger.go:35.16,41.3 2 0
phoenixgrc/backend/pkg/log/logger.go:42.2,46.16 3 0
phoenixgrc/backend/pkg/log/logger.go:46.16,50.65 1 0
phoenixgrc/backend/pkg/log/logger.go:53.2,59.23 3 0
phoenixgrc/backend/pkg/log/logger.go:66.13,69.20 2 0
phoenixgrc/backend/pkg/log/logger.go:69.20,71.3 1 0
phoenixgrc/backend/pkg/log/logger.go:74.2,75.51 2 0
phoenixgrc/backend/pkg/log/logger.go:75.51,77.3 1 0
phoenixgrc/backend/pkg/log/logger.go:84.2,85.143 2 0
phoenixgrc/backend/pkg/logger/logger.go:14.13,21.25 4 0
phoenixgrc/backend/pkg/logger/logger.go:21.25,30.3 4 0
phoenixgrc/backend/pkg/logger/logger.go:30.8,35.3 4 0
phoenixgrc/backend/pkg/logger/logger.go:40.2,41.16 2 0
phoenixgrc/backend/pkg/logger/logger.go:41.16,61.13 5 0
phoenixgrc/backend/pkg/logger/logger.go:64.2,64.67 1 0
phoenixgrc/backend/pkg/logger/logger.go:71.48,73.2 1 0
phoenixgrc/backend/pkg/logger/logger.go:75.49,77.2 1 0
phoenixgrc/backend/pkg/logger/logger.go:79.48,81.2 1 0
phoenixgrc/backend/pkg/logger/logger.go:83.49,85.2 1 0
phoenixgrc/backend/pkg/logger/logger.go:87.49,90.2 1 0
phoenixgrc/backend/pkg/logger/logger.go:94.13,95.16 1 0
phoenixgrc/backend/pkg/logger/logger.go:95.16,97.3 1 0
phoenixgrc/backend/internal/notifications/email_notifier.go:32.25,37.34 4 2
phoenixgrc/backend/internal/notifications/email_notifier.go:37.34,41.3 3 1
phoenixgrc/backend/internal/notifications/email_notifier.go:43.2,44.16 2 1
phoenixgrc/backend/internal/notifications/email_notifier.go:44.16,48.3 3 0
phoenixgrc/backend/internal/notifications/email_notifier.go:50.2,54.121 2 1
phoenixgrc/backend/internal/notifications/email_notifier.go:58.86,85.16 3 0
phoenixgrc/backend/internal/notifications/email_notifier.go:85.16,91.3 2 0
phoenixgrc/backend/internal/notifications/email_notifier.go:93.2,96.12 2 0
phoenixgrc/backend/internal/notifications/email_notifier.go:102.81,108.2 2 1
phoenixgrc/backend/internal/notifications/notifications.go:18.113,23.2 1 0
phoenixgrc/backend/internal/notifications/notifications.go:25.123,34.16 5 0
phoenixgrc/backend/internal/notifications/notifications.go:34.16,40.3 2 0
phoenixgrc/backend/internal/notifications/notifications.go:42.2,42.24 1 0
phoenixgrc/backend/internal/notifications/notifications.go:42.24,44.3 1 0
phoenixgrc/backend/internal/notifications/notifications.go:46.2,47.27 2 0
phoenixgrc/backend/internal/notifications/notifications.go:47.27,49.3 1 0
phoenixgrc/backend/internal/notifications/notifications.go:50.2,53.19 3 0
phoenixgrc/backend/internal/notifications/notifications.go:54.35,56.73 1 0
phoenixgrc/backend/internal/notifications/notifications.go:57.41,59.37 1 0
phoenixgrc/backend/internal/notifications/notifications.go:60.10,62.9 2 0
phoenixgrc/backend/internal/notifications/notifications.go:65.2,67.30 2 0
phoenixgrc/backend/internal/notifications/notifications.go:67.30,68.43 1 0
phoenixgrc/backend/internal/notifications/notifications.go:68.43,69.71 1 0
phoenixgrc/backend/internal/notifications/notifications.go:69.71,74.5 1 0
phoenixgrc/backend/internal/notifications/notifications.go:80.85,81.24 1 1
phoenixgrc/backend/internal/notifications/notifications.go:81.24,84.3 2 1
phoenixgrc/backend/internal/notifications/notifications.go:85.2,87.71 3 0
phoenixgrc/backend/internal/notifications/notifications.go:87.71,92.3 2 0
phoenixgrc/backend/internal/notifications/notifications.go:93.2,93.22 1 0
phoenixgrc/backend/internal/notifications/notifications.go:93.22,97.3 2 0
phoenixgrc/backend/internal/notifications/notifications.go:99.2,99.35 1 0
phoenixgrc/backend/internal/notifications/notifications.go:99.35,100.34 1 0
phoenixgrc/backend/internal/notifications/notifications.go:100.34,101.92 1 0
phoenixgrc/backend/internal/notifications/notifications.go:101.92,105.5 1 0
phoenixgrc/backend/internal/notifications/webhook_notifier.go:24.76,26.16 2 0
phoenixgrc/backend/internal/notifications/webhook_notifier.go:26.16,28.3 1 0
phoenixgrc/backend/internal/notifications/webhook_notifier.go:30.2,31.41 2 0
phoenixgrc/backend/internal/notifications/webhook_notifier.go:31.41,33.17 2 0
phoenixgrc/backend/internal/notifications/webhook_notifier.go:33.17,40.12 4 0
phoenixgrc/backend/internal/notifications/webhook_notifier.go:42.3,46.17 4 0
phoenixgrc/backend/internal/notifications/webhook_notifier.go:46.17,53.12 4 0
phoenixgrc/backend/internal/notifications/webhook_notifier.go:56.3,56.54 1 0
phoenixgrc/backend/internal/notifications/webhook_notifier.go:56.54,60.24 2 0
phoenixgrc/backend/internal/notifications/webhook_notifier.go:60.24,62.5 1 0
phoenixgrc/backend/internal/notifications/webhook_notifier.go:63.4,63.14 1 0
phoenixgrc/backend/internal/notifications/webhook_notifier.go:66.3,67.23 2 0
phoenixgrc/backend/internal/notifications/webhook_notifier.go:67.23,71.4 3 0
phoenixgrc/backend/internal/notifications/webhook_notifier.go:73.3,80.103 3 0
phoenixgrc/backend/internal/notifications/webhook_notifier.go:80.103,81.9 1 0
phoenixgrc/backend/internal/notifications/webhook_notifier.go:83.3,83.32 1 0
phoenixgrc/backend/internal/notifications/webhook_notifier.go:85.2,85.112 1 0
